EDA Netlist Writer report for RiscvProcessor
<<<<<<< HEAD
Sat Feb 11 21:29:12 2023
Quartus Prime Version 22.1std.0 Build 915 10/25/2022 SC Lite Edition
=======
Sat Feb 11 22:05:59 2023
Quartus II 64-Bit Version 13.1.0 Build 162 10/23/2013 SJ Web Edition
>>>>>>> 1b750815b4104c571d604fb3304d57b48324933c


---------------------
; Table of Contents ;
---------------------
  1. Legal Notice
  2. EDA Netlist Writer Summary
  3. Simulation Settings
  4. Simulation Generated Files
  5. EDA Netlist Writer Messages



----------------
; Legal Notice ;
----------------
Copyright (C) 2022  Intel Corporation. All rights reserved.
Your use of Intel Corporation's design tools, logic functions 
and other software and tools, and any partner logic 
functions, and any output files from any of the foregoing 
(including device programming or simulation files), and any 
associated documentation or information are expressly subject 
to the terms and conditions of the Intel Program License 
Subscription Agreement, the Intel Quartus Prime License Agreement,
the Intel FPGA IP License Agreement, or other applicable license
agreement, including, without limitation, that your use is for
the sole purpose of programming logic devices manufactured by
Intel and sold by Intel or its authorized distributors.  Please
refer to the applicable agreement for further details, at
https://fpgasoftware.intel.com/eula.



+-------------------------------------------------------------------+
; EDA Netlist Writer Summary                                        ;
+---------------------------+---------------------------------------+
<<<<<<< HEAD
; EDA Netlist Writer Status ; Successful - Sat Feb 11 21:29:12 2023 ;
=======
; EDA Netlist Writer Status ; Successful - Sat Feb 11 22:05:59 2023 ;
>>>>>>> 1b750815b4104c571d604fb3304d57b48324933c
; Revision Name             ; RiscvProcessor                        ;
; Top-level Entity Name     ; RV32I                                 ;
; Family                    ; Cyclone IV E                          ;
; Simulation Files Creation ; Successful                            ;
+---------------------------+---------------------------------------+


+---------------------------------------------------------------------------------------------------------------------+
; Simulation Settings                                                                                                 ;
+---------------------------------------------------------------------------------------------------+-----------------+
; Option                                                                                            ; Setting         ;
+---------------------------------------------------------------------------------------------------+-----------------+
; Tool Name                                                                                         ; ModelSim (VHDL) ;
; Generate functional simulation netlist                                                            ; Off             ;
; Time scale                                                                                        ; 1 ps            ;
; Truncate long hierarchy paths                                                                     ; Off             ;
; Map illegal HDL characters                                                                        ; Off             ;
; Flatten buses into individual nodes                                                               ; Off             ;
; Maintain hierarchy                                                                                ; Off             ;
; Bring out device-wide set/reset signals as ports                                                  ; Off             ;
; Enable glitch filtering                                                                           ; Off             ;
; Do not write top level VHDL entity                                                                ; Off             ;
; Disable detection of setup and hold time violations in the input registers of bi-directional pins ; Off             ;
; Architecture name in VHDL output netlist                                                          ; structure       ;
; Generate third-party EDA tool command script for RTL functional simulation                        ; Off             ;
; Generate third-party EDA tool command script for gate-level simulation                            ; Off             ;
+---------------------------------------------------------------------------------------------------+-----------------+


+--------------------------------------------------------------------------------------------------------+
; Simulation Generated Files                                                                             ;
+--------------------------------------------------------------------------------------------------------+
; Generated Files                                                                                        ;
+--------------------------------------------------------------------------------------------------------+
; C:/Data/CSD Processor design/impostor_32/simulation/modelsim/RiscvProcessor_7_1200mv_85c_slow.vho      ;
; C:/Data/CSD Processor design/impostor_32/simulation/modelsim/RiscvProcessor_7_1200mv_0c_slow.vho       ;
; C:/Data/CSD Processor design/impostor_32/simulation/modelsim/RiscvProcessor_min_1200mv_0c_fast.vho     ;
; C:/Data/CSD Processor design/impostor_32/simulation/modelsim/RiscvProcessor.vho                        ;
; C:/Data/CSD Processor design/impostor_32/simulation/modelsim/RiscvProcessor_7_1200mv_85c_vhd_slow.sdo  ;
; C:/Data/CSD Processor design/impostor_32/simulation/modelsim/RiscvProcessor_7_1200mv_0c_vhd_slow.sdo   ;
; C:/Data/CSD Processor design/impostor_32/simulation/modelsim/RiscvProcessor_min_1200mv_0c_vhd_fast.sdo ;
; C:/Data/CSD Processor design/impostor_32/simulation/modelsim/RiscvProcessor_vhd.sdo                    ;
+--------------------------------------------------------------------------------------------------------+


+-----------------------------+
; EDA Netlist Writer Messages ;
+-----------------------------+
Info: *******************************************************************
<<<<<<< HEAD
Info: Running Quartus Prime EDA Netlist Writer
    Info: Version 22.1std.0 Build 915 10/25/2022 SC Lite Edition
    Info: Processing started: Sat Feb 11 21:29:12 2023
Info: Command: quartus_eda --read_settings_files=off --write_settings_files=off Project1 -c RiscvProcessor
Warning (18236): Number of processors has not been specified which may cause overloading on shared machines.  Set the global assignment NUM_PARALLEL_PROCESSORS in your QSF to an appropriate value for best performance.
Info (204019): Generated file RiscvProcessor_7_1200mv_85c_slow.vho in folder "C:/Data/CSD Processor design/impostor_32/simulation/modelsim/" for EDA simulation tool
Info (204019): Generated file RiscvProcessor_7_1200mv_0c_slow.vho in folder "C:/Data/CSD Processor design/impostor_32/simulation/modelsim/" for EDA simulation tool
Info (204019): Generated file RiscvProcessor_min_1200mv_0c_fast.vho in folder "C:/Data/CSD Processor design/impostor_32/simulation/modelsim/" for EDA simulation tool
Info (204019): Generated file RiscvProcessor.vho in folder "C:/Data/CSD Processor design/impostor_32/simulation/modelsim/" for EDA simulation tool
Info (204019): Generated file RiscvProcessor_7_1200mv_85c_vhd_slow.sdo in folder "C:/Data/CSD Processor design/impostor_32/simulation/modelsim/" for EDA simulation tool
Info (204019): Generated file RiscvProcessor_7_1200mv_0c_vhd_slow.sdo in folder "C:/Data/CSD Processor design/impostor_32/simulation/modelsim/" for EDA simulation tool
Info (204019): Generated file RiscvProcessor_min_1200mv_0c_vhd_fast.sdo in folder "C:/Data/CSD Processor design/impostor_32/simulation/modelsim/" for EDA simulation tool
Info (204019): Generated file RiscvProcessor_vhd.sdo in folder "C:/Data/CSD Processor design/impostor_32/simulation/modelsim/" for EDA simulation tool
Info: Quartus Prime EDA Netlist Writer was successful. 0 errors, 1 warning
    Info: Peak virtual memory: 4672 megabytes
    Info: Processing ended: Sat Feb 11 21:29:12 2023
    Info: Elapsed time: 00:00:00
    Info: Total CPU time (on all processors): 00:00:00
=======
Info: Running Quartus II 64-Bit EDA Netlist Writer
    Info: Version 13.1.0 Build 162 10/23/2013 SJ Web Edition
    Info: Processing started: Sat Feb 11 22:05:59 2023
Info: Command: quartus_eda --read_settings_files=off --write_settings_files=off Project1 -c RiscvProcessor
Info (204019): Generated file RiscvProcessor_7_1200mv_85c_slow.vho in folder "D:/ONEDRIVE/OneDrive - University of Moratuwa/Riscv_Imposters/impostor_32/simulation/modelsim/" for EDA simulation tool
Info (204019): Generated file RiscvProcessor_7_1200mv_0c_slow.vho in folder "D:/ONEDRIVE/OneDrive - University of Moratuwa/Riscv_Imposters/impostor_32/simulation/modelsim/" for EDA simulation tool
Info (204019): Generated file RiscvProcessor_min_1200mv_0c_fast.vho in folder "D:/ONEDRIVE/OneDrive - University of Moratuwa/Riscv_Imposters/impostor_32/simulation/modelsim/" for EDA simulation tool
Info (204019): Generated file RiscvProcessor.vho in folder "D:/ONEDRIVE/OneDrive - University of Moratuwa/Riscv_Imposters/impostor_32/simulation/modelsim/" for EDA simulation tool
Info (204019): Generated file RiscvProcessor_7_1200mv_85c_vhd_slow.sdo in folder "D:/ONEDRIVE/OneDrive - University of Moratuwa/Riscv_Imposters/impostor_32/simulation/modelsim/" for EDA simulation tool
Info (204019): Generated file RiscvProcessor_7_1200mv_0c_vhd_slow.sdo in folder "D:/ONEDRIVE/OneDrive - University of Moratuwa/Riscv_Imposters/impostor_32/simulation/modelsim/" for EDA simulation tool
Info (204019): Generated file RiscvProcessor_min_1200mv_0c_vhd_fast.sdo in folder "D:/ONEDRIVE/OneDrive - University of Moratuwa/Riscv_Imposters/impostor_32/simulation/modelsim/" for EDA simulation tool
Info (204019): Generated file RiscvProcessor_vhd.sdo in folder "D:/ONEDRIVE/OneDrive - University of Moratuwa/Riscv_Imposters/impostor_32/simulation/modelsim/" for EDA simulation tool
Info: Quartus II 64-Bit EDA Netlist Writer was successful. 0 errors, 0 warnings
    Info: Peak virtual memory: 4558 megabytes
    Info: Processing ended: Sat Feb 11 22:05:59 2023
    Info: Elapsed time: 00:00:00
    Info: Total CPU time (on all processors): 00:00:01
>>>>>>> 1b750815b4104c571d604fb3304d57b48324933c


