Flow report for RiscvProcessor
<<<<<<< HEAD
Sat Feb 11 21:29:12 2023
Quartus Prime Version 22.1std.0 Build 915 10/25/2022 SC Lite Edition
=======
Sat Feb 11 22:05:59 2023
Quartus II 64-Bit Version 13.1.0 Build 162 10/23/2013 SJ Web Edition
>>>>>>> 1b750815b4104c571d604fb3304d57b48324933c


---------------------
; Table of Contents ;
---------------------
  1. Legal Notice
  2. Flow Summary
  3. Flow Settings
  4. Flow Non-Default Global Settings
  5. Flow Elapsed Time
  6. Flow OS Summary
  7. Flow Log
  8. Flow Messages
  9. Flow Suppressed Messages



----------------
; Legal Notice ;
----------------
Copyright (C) 2022  Intel Corporation. All rights reserved.
Your use of Intel Corporation's design tools, logic functions 
and other software and tools, and any partner logic 
functions, and any output files from any of the foregoing 
(including device programming or simulation files), and any 
associated documentation or information are expressly subject 
to the terms and conditions of the Intel Program License 
Subscription Agreement, the Intel Quartus Prime License Agreement,
the Intel FPGA IP License Agreement, or other applicable license
agreement, including, without limitation, that your use is for
the sole purpose of programming logic devices manufactured by
Intel and sold by Intel or its authorized distributors.  Please
refer to the applicable agreement for further details, at
https://fpgasoftware.intel.com/eula.



<<<<<<< HEAD
+-------------------------------------------------------------------------------------+
; Flow Summary                                                                        ;
+------------------------------------+------------------------------------------------+
; Flow Status                        ; Successful - Sat Feb 11 21:29:12 2023          ;
; Quartus Prime Version              ; 22.1std.0 Build 915 10/25/2022 SC Lite Edition ;
; Revision Name                      ; RiscvProcessor                                 ;
; Top-level Entity Name              ; RV32I                                          ;
; Family                             ; Cyclone IV E                                   ;
; Device                             ; EP4CE115F29C7                                  ;
; Timing Models                      ; Final                                          ;
; Total logic elements               ; 133 / 114,480 ( < 1 % )                        ;
;     Total combinational functions  ; 133 / 114,480 ( < 1 % )                        ;
;     Dedicated logic registers      ; 32 / 114,480 ( < 1 % )                         ;
; Total registers                    ; 32                                             ;
; Total pins                         ; 66 / 529 ( 12 % )                              ;
; Total virtual pins                 ; 0                                              ;
; Total memory bits                  ; 0 / 3,981,312 ( 0 % )                          ;
; Embedded Multiplier 9-bit elements ; 0 / 532 ( 0 % )                                ;
; Total PLLs                         ; 0 / 4 ( 0 % )                                  ;
+------------------------------------+------------------------------------------------+
=======
+---------------------------------------------------------------------------------+
; Flow Summary                                                                    ;
+------------------------------------+--------------------------------------------+
; Flow Status                        ; Successful - Sat Feb 11 22:05:59 2023      ;
; Quartus II 64-Bit Version          ; 13.1.0 Build 162 10/23/2013 SJ Web Edition ;
; Revision Name                      ; RiscvProcessor                             ;
; Top-level Entity Name              ; main                                       ;
; Family                             ; Cyclone IV E                               ;
; Device                             ; EP4CE115F29C7                              ;
; Timing Models                      ; Final                                      ;
; Total logic elements               ; 0 / 114,480 ( 0 % )                        ;
;     Total combinational functions  ; 0 / 114,480 ( 0 % )                        ;
;     Dedicated logic registers      ; 0 / 114,480 ( 0 % )                        ;
; Total registers                    ; 0                                          ;
; Total pins                         ; 3 / 529 ( < 1 % )                          ;
; Total virtual pins                 ; 0                                          ;
; Total memory bits                  ; 0 / 3,981,312 ( 0 % )                      ;
; Embedded Multiplier 9-bit elements ; 0 / 532 ( 0 % )                            ;
; Total PLLs                         ; 0 / 4 ( 0 % )                              ;
+------------------------------------+--------------------------------------------+
>>>>>>> 1b750815b4104c571d604fb3304d57b48324933c


+-----------------------------------------+
; Flow Settings                           ;
+-------------------+---------------------+
; Option            ; Setting             ;
+-------------------+---------------------+
<<<<<<< HEAD
; Start date & time ; 02/11/2023 21:28:42 ;
=======
; Start date & time ; 02/11/2023 22:05:36 ;
>>>>>>> 1b750815b4104c571d604fb3304d57b48324933c
; Main task         ; Compilation         ;
; Revision Name     ; RiscvProcessor      ;
+-------------------+---------------------+


<<<<<<< HEAD
+------------------------------------------------------------------------------------------------------------------------------+
; Flow Non-Default Global Settings                                                                                             ;
+-------------------------------------+----------------------------------------+----------------+-------------+----------------+
; Assignment Name                     ; Value                                  ; Default Value  ; Entity Name ; Section Id     ;
+-------------------------------------+----------------------------------------+----------------+-------------+----------------+
; COMPILER_SIGNATURE_ID               ; 1097378440570.167613112209432          ; --             ; --          ; --             ;
; EDA_OUTPUT_DATA_FORMAT              ; Vhdl                                   ; --             ; --          ; eda_simulation ;
; EDA_SIMULATION_TOOL                 ; ModelSim (VHDL)                        ; <None>         ; --          ; --             ;
; MAX_CORE_JUNCTION_TEMP              ; 85                                     ; --             ; --          ; --             ;
; MIN_CORE_JUNCTION_TEMP              ; 0                                      ; --             ; --          ; --             ;
; NOMINAL_CORE_SUPPLY_VOLTAGE         ; 1.2V                                   ; --             ; --          ; --             ;
; PARTITION_COLOR                     ; -- (Not supported for targeted family) ; --             ; RV32I       ; Top            ;
; PARTITION_FITTER_PRESERVATION_LEVEL ; -- (Not supported for targeted family) ; --             ; RV32I       ; Top            ;
; PARTITION_NETLIST_TYPE              ; -- (Not supported for targeted family) ; --             ; RV32I       ; Top            ;
; POWER_BOARD_THERMAL_MODEL           ; None (CONSERVATIVE)                    ; --             ; --          ; --             ;
; POWER_PRESET_COOLING_SOLUTION       ; 23 MM HEAT SINK WITH 200 LFPM AIRFLOW  ; --             ; --          ; --             ;
; PROJECT_OUTPUT_DIRECTORY            ; output_files                           ; --             ; --          ; --             ;
; TOP_LEVEL_ENTITY                    ; RV32I                                  ; RiscvProcessor ; --          ; --             ;
+-------------------------------------+----------------------------------------+----------------+-------------+----------------+


+--------------------------------------------------------------------------------------------------------------------------+
; Flow Elapsed Time                                                                                                        ;
+----------------------+--------------+-------------------------+---------------------+------------------------------------+
; Module Name          ; Elapsed Time ; Average Processors Used ; Peak Virtual Memory ; Total CPU Time (on all processors) ;
+----------------------+--------------+-------------------------+---------------------+------------------------------------+
; Analysis & Synthesis ; 00:00:08     ; 1.0                     ; 4829 MB             ; 00:00:07                           ;
; Fitter               ; 00:00:14     ; 1.0                     ; 6141 MB             ; 00:00:10                           ;
; Assembler            ; 00:00:03     ; 1.0                     ; 4712 MB             ; 00:00:02                           ;
; Timing Analyzer      ; 00:00:02     ; 1.1                     ; 4901 MB             ; 00:00:01                           ;
; EDA Netlist Writer   ; 00:00:00     ; 1.0                     ; 4672 MB             ; 00:00:00                           ;
; Total                ; 00:00:27     ; --                      ; --                  ; 00:00:20                           ;
+----------------------+--------------+-------------------------+---------------------+------------------------------------+
=======
+--------------------------------------------------------------------------------------------------------------------+
; Flow Non-Default Global Settings                                                                                   ;
+-------------------------------------+------------------------------+----------------+-------------+----------------+
; Assignment Name                     ; Value                        ; Default Value  ; Entity Name ; Section Id     ;
+-------------------------------------+------------------------------+----------------+-------------+----------------+
; COMPILER_SIGNATURE_ID               ; 929355265899.167613333619564 ; --             ; --          ; --             ;
; EDA_OUTPUT_DATA_FORMAT              ; Vhdl                         ; --             ; --          ; eda_simulation ;
; EDA_SIMULATION_TOOL                 ; ModelSim-Altera (VHDL)       ; <None>         ; --          ; --             ;
; MAX_CORE_JUNCTION_TEMP              ; 85                           ; --             ; --          ; --             ;
; MIN_CORE_JUNCTION_TEMP              ; 0                            ; --             ; --          ; --             ;
; NOMINAL_CORE_SUPPLY_VOLTAGE         ; 1.2V                         ; --             ; --          ; --             ;
; PARTITION_COLOR                     ; 16764057                     ; --             ; main        ; Top            ;
; PARTITION_FITTER_PRESERVATION_LEVEL ; PLACEMENT_AND_ROUTING        ; --             ; main        ; Top            ;
; PARTITION_NETLIST_TYPE              ; SOURCE                       ; --             ; main        ; Top            ;
; PROJECT_OUTPUT_DIRECTORY            ; output_files                 ; --             ; --          ; --             ;
; TOP_LEVEL_ENTITY                    ; main                         ; RiscvProcessor ; --          ; --             ;
+-------------------------------------+------------------------------+----------------+-------------+----------------+


+-------------------------------------------------------------------------------------------------------------------------------+
; Flow Elapsed Time                                                                                                             ;
+---------------------------+--------------+-------------------------+---------------------+------------------------------------+
; Module Name               ; Elapsed Time ; Average Processors Used ; Peak Virtual Memory ; Total CPU Time (on all processors) ;
+---------------------------+--------------+-------------------------+---------------------+------------------------------------+
; Analysis & Synthesis      ; 00:00:01     ; 1.0                     ; 4623 MB             ; 00:00:01                           ;
; Fitter                    ; 00:00:11     ; 1.0                     ; 5068 MB             ; 00:00:11                           ;
; Assembler                 ; 00:00:04     ; 1.0                     ; 4582 MB             ; 00:00:04                           ;
; TimeQuest Timing Analyzer ; 00:00:02     ; 1.0                     ; 4675 MB             ; 00:00:02                           ;
; EDA Netlist Writer        ; 00:00:00     ; 1.0                     ; 4551 MB             ; 00:00:01                           ;
; Total                     ; 00:00:18     ; --                      ; --                  ; 00:00:19                           ;
+---------------------------+--------------+-------------------------+---------------------+------------------------------------+
>>>>>>> 1b750815b4104c571d604fb3304d57b48324933c


+------------------------------------------------------------------------------------+
; Flow OS Summary                                                                    ;
+----------------------+------------------+------------+------------+----------------+
; Module Name          ; Machine Hostname ; OS Name    ; OS Version ; Processor type ;
+----------------------+------------------+------------+------------+----------------+
; Analysis & Synthesis ; SKG_ENVY         ; Windows 10 ; 10.0       ; x86_64         ;
; Fitter               ; SKG_ENVY         ; Windows 10 ; 10.0       ; x86_64         ;
; Assembler            ; SKG_ENVY         ; Windows 10 ; 10.0       ; x86_64         ;
; Timing Analyzer      ; SKG_ENVY         ; Windows 10 ; 10.0       ; x86_64         ;
; EDA Netlist Writer   ; SKG_ENVY         ; Windows 10 ; 10.0       ; x86_64         ;
+----------------------+------------------+------------+------------+----------------+


------------
; Flow Log ;
------------
quartus_map --read_settings_files=on --write_settings_files=off Project1 -c RiscvProcessor
quartus_fit --read_settings_files=off --write_settings_files=off Project1 -c RiscvProcessor
quartus_asm --read_settings_files=off --write_settings_files=off Project1 -c RiscvProcessor
quartus_sta Project1 -c RiscvProcessor
quartus_eda --read_settings_files=off --write_settings_files=off Project1 -c RiscvProcessor



